#
# There is insufficient memory for the Java Runtime Environment to continue.
# Native memory allocation (mmap) failed to map 402653184 bytes. Error detail: G1 virtual space
# Possible reasons:
#   The system is out of physical RAM or swap space
#   This process is running with CompressedOops enabled, and the Java Heap may be blocking the growth of the native heap
# Possible solutions:
#   Reduce memory load on the system
#   Increase physical memory or swap space
#   Check if swap backing store is full
#   Decrease Java heap size (-Xmx/-Xms)
#   Decrease number of Java threads
#   Decrease Java thread stack sizes (-Xss)
#   Set larger code cache with -XX:ReservedCodeCacheSize=
#   JVM is running with Zero Based Compressed Oops mode in which the Java heap is
#     placed in the first 32GB address space. The Java Heap base address is the
#     maximum limit for the native heap growth. Please use -XX:HeapBaseMinAddress
#     to set the Java Heap base and to place the Java Heap above 32GB virtual address.
# This output file may be truncated or incomplete.
#
#  Out of Memory Error (os_windows.cpp:3564), pid=3668, tid=25392
#
# JRE version:  (24.0.2+12) (build )
# Java VM: Java HotSpot(TM) 64-Bit Server VM (24.0.2+12-54, mixed mode, sharing, tiered, compressed oops, compressed class ptrs, g1 gc, windows-amd64)
# No core dump will be written. Minidumps are not enabled by default on client versions of Windows
#

---------------  S U M M A R Y ------------

Command Line: --enable-native-access=ALL-UNNAMED 

Host: 11th Gen Intel(R) Core(TM) i5-11320H @ 3.20GHz, 8 cores, 23G,  Windows 11 , 64 bit Build 26100 (10.0.26100.6725)
Time: Wed Oct 29 12:07:01 2025 India Standard Time elapsed time: 1.195366 seconds (0d 0h 0m 1s)

---------------  T H R E A D  ---------------

Current thread (0x0000028cc19e3470):  JavaThread "Unknown thread" [_thread_in_vm, id=25392, stack(0x000000ce43b00000,0x000000ce43c00000) (1024K)]

Stack: [0x000000ce43b00000,0x000000ce43c00000]
Native frames: (J=compiled Java code, j=interpreted, Vv=VM code, C=native code)
V  [jvm.dll+0x730829]  (no source info available)
V  [jvm.dll+0x8d9da3]  (no source info available)
V  [jvm.dll+0x8dc28d]  (no source info available)
V  [jvm.dll+0x8dc903]  (no source info available)
V  [jvm.dll+0x2a9f56]  (no source info available)
V  [jvm.dll+0x72cd55]  (no source info available)
V  [jvm.dll+0x72066a]  (no source info available)
V  [jvm.dll+0x390b7a]  (no source info available)
V  [jvm.dll+0x398906]  (no source info available)
V  [jvm.dll+0x3850de]  (no source info available)
V  [jvm.dll+0x385398]  (no source info available)
V  [jvm.dll+0x35d10c]  (no source info available)
V  [jvm.dll+0x35ddcd]  (no source info available)
V  [jvm.dll+0x89d50f]  (no source info available)
V  [jvm.dll+0x3f979d]  (no source info available)
V  [jvm.dll+0x885b66]  (no source info available)
V  [jvm.dll+0x495e7e]  (no source info available)
V  [jvm.dll+0x497c51]  (no source info available)
C  [jli.dll+0x52a1]  (no source info available)
C  [ucrtbase.dll+0x37b0]  (no source info available)
C  [KERNEL32.DLL+0x2e8d7]  (no source info available)
C  [ntdll.dll+0x8c53c]  (no source info available)

Lock stack of current Java thread (top to bottom):


---------------  P R O C E S S  ---------------

Threads class SMR info:
_java_thread_list=0x00007ffb61f7f318, length=0, elements={
}

Java Threads: ( => current thread )
Total: 0

Other Threads:
  0x0000028cc3ec3bb0 WorkerThread "GC Thread#0"                     [id=32728, stack(0x000000ce43c00000,0x000000ce43d00000) (1024K)]
  0x0000028cc3ed4900 ConcurrentGCThread "G1 Main Marker"            [id=8844, stack(0x000000ce43d00000,0x000000ce43e00000) (1024K)]
  0x0000028cc3ed6090 WorkerThread "G1 Conc#0"                       [id=19796, stack(0x000000ce43e00000,0x000000ce43f00000) (1024K)]

[error occurred during error reporting (printing all threads), id 0xc0000005, EXCEPTION_ACCESS_VIOLATION (0xc0000005) at pc=0x00007ffb616b138a]
VM state: not at safepoint (not fully initialized)

VM Mutex/Monitor currently owned by a thread:  ([mutex/lock_event])
[0x00007ffb620045f0] Heap_lock - owner thread: 0x0000028cc19e3470

Heap address: 0x0000000683400000, size: 6092 MB, Compressed Oops mode: Zero based, Oop shift amount: 3

CDS archive(s) mapped at: [0x0000000000000000-0x0000000000000000-0x0000000000000000), size 0, SharedBaseAddress: 0x0000000800000000, ArchiveRelocationMode: 1.
UseCompressedClassPointers 1, UseCompactObjectHeaders 0
Narrow klass pointer bits 32, Max shift 3
Narrow klass base: 0xffffffffffffffff, Narrow klass shift: -1
Encoding Range: [0xffffffffffffffff - 0x000000007fffffff), (2147483648 bytes)
Klass Range:    [0x0000000000000000 - 0x0000000000000000), (0 bytes)
Klass ID Range:  [4294967295 - 0) (1)

GC Precious Log:
 CardTable entry size: 512
 Card Set container configuration: InlinePtr #cards 4 size 8 Array Of Cards #cards 32 size 80 Howl #buckets 8 coarsen threshold 7372 Howl Bitmap #cards 1024 size 144 coarsen threshold 921 Card regions per heap region 1 cards per card region 8192

Heap:
 garbage-first heap   total reserved 6238208K, committed 0K, used 0K [0x0000000683400000, 0x0000000800000000)
  region size 4096K, 0 young (0K), 0 survivors (0K)

[error occurred during error reporting (printing heap information), id 0xc0000005, EXCEPTION_ACCESS_VIOLATION (0xc0000005) at pc=0x00007ffb61ace679]
GC Heap History (0 events):
No events

Dll operation events (1 events):
Event: 0.010 Loaded shared library C:\Program Files\Java\jdk-24\bin\java.dll

Deoptimization events (0 events):
No events

Classes loaded (0 events):
No events

Classes unloaded (0 events):
No events

Classes redefined (0 events):
No events

Internal exceptions (0 events):
No events

VM Operations (0 events):
No events

Memory protections (0 events):
No events

Nmethod flushes (0 events):
No events

Events (0 events):
No events


Dynamic libraries:
0x00007ff69bd60000 - 0x00007ff69bd70000 	C:\Program Files\Java\jdk-24\bin\java.exe
0x00007ffc4b3a0000 - 0x00007ffc4b608000 	C:\WINDOWS\SYSTEM32\ntdll.dll
0x00007ffc4a370000 - 0x00007ffc4a439000 	C:\WINDOWS\System32\KERNEL32.DLL
0x00007ffc48790000 - 0x00007ffc48b82000 	C:\WINDOWS\System32\KERNELBASE.dll
0x00007ffc48dc0000 - 0x00007ffc48f0b000 	C:\WINDOWS\System32\ucrtbase.dll
0x00007ffc297a0000 - 0x00007ffc297b6000 	C:\Program Files\Java\jdk-24\bin\jli.dll
0x00007ffc05030000 - 0x00007ffc0504b000 	C:\Program Files\Java\jdk-24\bin\VCRUNTIME140.dll
0x00007ffc49ec0000 - 0x00007ffc4a085000 	C:\WINDOWS\System32\USER32.dll
0x00007ffc49140000 - 0x00007ffc49167000 	C:\WINDOWS\System32\win32u.dll
0x00007ffc1d9d0000 - 0x00007ffc1dc63000 	C:\WINDOWS\WinSxS\amd64_microsoft.windows.common-controls_6595b64144ccf1df_6.0.26100.6899_none_3e0efeeae32e88c1\COMCTL32.dll
0x00007ffc49790000 - 0x00007ffc497bb000 	C:\WINDOWS\System32\GDI32.dll
0x00007ffc49170000 - 0x00007ffc49219000 	C:\WINDOWS\System32\msvcrt.dll
0x00007ffc48660000 - 0x00007ffc4878d000 	C:\WINDOWS\System32\gdi32full.dll
0x00007ffc48f10000 - 0x00007ffc48fb3000 	C:\WINDOWS\System32\msvcp_win.dll
0x00007ffc4abb0000 - 0x00007ffc4abdf000 	C:\WINDOWS\System32\IMM32.DLL
0x00007ffc05090000 - 0x00007ffc0509c000 	C:\Program Files\Java\jdk-24\bin\vcruntime140_1.dll
0x00007ffba2810000 - 0x00007ffba289e000 	C:\Program Files\Java\jdk-24\bin\msvcp140.dll
0x00007ffb61340000 - 0x00007ffb620e1000 	C:\Program Files\Java\jdk-24\bin\server\jvm.dll
0x00007ffc4b110000 - 0x00007ffc4b1c4000 	C:\WINDOWS\System32\ADVAPI32.dll
0x00007ffc4af60000 - 0x00007ffc4b006000 	C:\WINDOWS\System32\sechost.dll
0x00007ffc4b1d0000 - 0x00007ffc4b2e8000 	C:\WINDOWS\System32\RPCRT4.dll
0x00007ffc49d60000 - 0x00007ffc49dd4000 	C:\WINDOWS\System32\WS2_32.dll
0x00007ffc48390000 - 0x00007ffc483ee000 	C:\WINDOWS\SYSTEM32\POWRPROF.dll
0x00007ffc3d370000 - 0x00007ffc3d3a5000 	C:\WINDOWS\SYSTEM32\WINMM.dll
0x00007ffc3c6c0000 - 0x00007ffc3c6cb000 	C:\WINDOWS\SYSTEM32\VERSION.dll
0x00007ffc48370000 - 0x00007ffc48384000 	C:\WINDOWS\SYSTEM32\UMPDC.dll
0x00007ffc472e0000 - 0x00007ffc472fb000 	C:\WINDOWS\SYSTEM32\kernel.appcore.dll
0x00007ffc05080000 - 0x00007ffc0508a000 	C:\Program Files\Java\jdk-24\bin\jimage.dll
0x00007ffc45920000 - 0x00007ffc45b62000 	C:\WINDOWS\SYSTEM32\DBGHELP.DLL
0x00007ffc49230000 - 0x00007ffc495ab000 	C:\WINDOWS\System32\combase.dll
0x00007ffc49de0000 - 0x00007ffc49eb7000 	C:\WINDOWS\System32\OLEAUT32.dll
0x00007ffc28930000 - 0x00007ffc2896c000 	C:\WINDOWS\SYSTEM32\dbgcore.DLL
0x00007ffc48530000 - 0x00007ffc485c8000 	C:\WINDOWS\System32\bcryptPrimitives.dll
0x00007ffc041d0000 - 0x00007ffc041ee000 	C:\Program Files\Java\jdk-24\bin\java.dll
0x00007ffc4a0b0000 - 0x00007ffc4a248000 	C:\WINDOWS\System32\ole32.dll
0x00007ffc4a440000 - 0x00007ffc4ab8d000 	C:\WINDOWS\System32\SHELL32.dll
0x00007ffc48c50000 - 0x00007ffc48dbb000 	C:\WINDOWS\System32\wintypes.dll

JVMTI agents: none

dbghelp: loaded successfully - version: 4.0.5 - missing functions: none
symbol engine: initialized successfully - sym options: 0x614 - pdb path: .;C:\Program Files\Java\jdk-24\bin;C:\WINDOWS\SYSTEM32;C:\WINDOWS\WinSxS\amd64_microsoft.windows.common-controls_6595b64144ccf1df_6.0.26100.6899_none_3e0efeeae32e88c1;C:\Program Files\Java\jdk-24\bin\server

VM Arguments:
jvm_args: --enable-native-access=ALL-UNNAMED 
java_command: <unknown>
java_class_path (initial): <not set>
Launcher Type: SUN_STANDARD

[Global flags]
     intx CICompilerCount                          = 4                                         {product} {ergonomic}
     uint ConcGCThreads                            = 2                                         {product} {ergonomic}
     uint G1ConcRefinementThreads                  = 8                                         {product} {ergonomic}
   size_t G1HeapRegionSize                         = 4194304                                   {product} {ergonomic}
   size_t InitialHeapSize                          = 402653184                                 {product} {ergonomic}
   size_t MarkStackSize                            = 4194304                                   {product} {ergonomic}
   size_t MarkStackSizeMax                         = 536870912                                 {product} {ergonomic}
   size_t MaxHeapSize                              = 6387924992                                {product} {ergonomic}
   size_t MinHeapDeltaBytes                        = 4194304                                   {product} {ergonomic}
   size_t MinHeapSize                              = 8388608                                   {product} {ergonomic}
    uintx NonNMethodCodeHeapSize                   = 5832704                                {pd product} {ergonomic}
    uintx NonProfiledCodeHeapSize                  = 122945536                              {pd product} {ergonomic}
    uintx ProfiledCodeHeapSize                     = 122880000                              {pd product} {ergonomic}
    uintx ReservedCodeCacheSize                    = 251658240                              {pd product} {ergonomic}
     bool SegmentedCodeCache                       = true                                      {product} {ergonomic}
   size_t SoftMaxHeapSize                          = 6387924992                             {manageable} {ergonomic}
     bool UseCompressedOops                        = true                           {product lp64_product} {ergonomic}
     bool UseG1GC                                  = true                                      {product} {ergonomic}
     bool UseLargePagesIndividualAllocation        = false                                  {pd product} {ergonomic}

Logging:
Log output configuration:
 #0: stdout all=warning uptime,level,tags foldmultilines=false
 #1: stderr all=off uptime,level,tags foldmultilines=false

Environment Variables:
PATH=C:\Program Files\Common Files\Oracle\Java\javapath;C:\Program Files (x86)\Common Files\Oracle\Java\java8path;C:\Program Files (x86)\Common Files\Oracle\Java\javapath;C:\Windows\System32;C:\Program Files (x86)\NVIDIA Corporation\PhysX\Common;C:\Program Files\dotnet\;C:\Program Files\NVIDIA Corporation\NVIDIA app\NvDLISR;C:\Users\vigne\AppData\Roaming\npm;C:\WINDOWS\system32;C:\WINDOWS;C:\WINDOWS\System32\Wbem;C:\WINDOWS\System32\WindowsPowerShell\v1.0\;C:\WINDOWS\System32\OpenSSH\;C:\Program Files\MiKTeX\miktex\bin\x64\;C:\Strawberry\c\bin;C:\Strawberry\perl\site\bin;C:\Strawberry\perl\bin;C:\Program Files\Git\cmd;C:\Program Files\PuTTY\;C:\Program Files\Docker\Docker\resources\bin;C:\Users\vigne\AppData\Local\nvm;C:\nvm4w\nodejs;C:\Program Files\apache-maven-3.9.11\bin;C:\Users\vigne\AppData\Local\Microsoft\WindowsApps;C:\Users\vigne\.dotnet\tools;C:\Users\vigne\AppData\Local\GitHubDesktop\bin;C:\msys64\ucrt64\bin;C:\Users\vigne\AppData\Local\Programs\Microsoft VS Code\bin;C:\Users\vigne\AppData\Local\Programs\mongosh\;C:\Users\vigne\AppData\Local\Programs\cursor\resources\app\bin;C:\Users\vigne\AppData\Local\nvm;C:\nvm4w\nodejs
USERNAME=vigne
OS=Windows_NT
PROCESSOR_IDENTIFIER=Intel64 Family 6 Model 140 Stepping 2, GenuineIntel
TMP=C:\Users\vigne\AppData\Local\Temp
TEMP=C:\Users\vigne\AppData\Local\Temp




Periodic native trim disabled

---------------  S Y S T E M  ---------------

OS:
 Windows 11 , 64 bit Build 26100 (10.0.26100.6725)
OS uptime: 0 days 2:19 hours
Hyper-V role detected

CPU: total 8 (initial active 8) (4 cores per cpu, 2 threads per core) family 6 model 140 stepping 2 microcode 0x38, cx8, cmov, fxsr, ht, mmx, 3dnowpref, sse, sse2, sse3, ssse3, sse4.1, sse4.2, popcnt, lzcnt, tsc, tscinvbit, avx, avx2, aes, erms, clmul, bmi1, bmi2, adx, avx512f, avx512dq, avx512cd, avx512bw, avx512vl, sha, fma, vzeroupper, avx512_vpopcntdq, avx512_vpclmulqdq, avx512_vaes, avx512_vnni, clflush, clflushopt, clwb, avx512_vbmi2, avx512_vbmi, hv, rdtscp, rdpid, fsrm, gfni, avx512_bitalg, f16c, cet_ibt, cet_ss, avx512_ifma
Processor Information for the first 8 processors :
  Max Mhz: 3187, Current Mhz: 3187, Mhz Limit: 3187

Memory: 4k page, system-wide physical 24359M (6666M free)
TotalPageFile size 26407M (AvailPageFile size 195M)
current process WorkingSet (physical memory assigned to process): 14M, peak: 14M
current process commit charge ("private bytes"): 61M, peak: 444M

vm_info: Java HotSpot(TM) 64-Bit Server VM (24.0.2+12-54) for windows-amd64 JRE (24.0.2+12-54), built on 2025-07-08T12:10:27Z with MS VC++ 17.6 (VS2022)

END.
